Build started 2/11/2014 3:48:50 PM.
     1>Project "Z:\5. CS471 - Parallel Programming\Project\Project4 Bucket Sort\Project4-BucketSort\Project4-BucketSortVersion3\Project4-BucketSortVersion3.vcxproj" on node 2 (build target(s)).
     1>InitializeBuildStatus:
         Creating "Debug\Project4-BucketSortVersion3.unsuccessfulbuild" because "AlwaysCreate" was specified.
       ClCompile:
         All outputs are up-to-date.
         c:\Program Files (x86)\Microsoft Visual Studio 10.0\VC\bin\CL.exe /c /ZI /nologo /W3 /WX- /Od /Oy- /D WIN32 /D _DEBUG /D _CONSOLE /D _UNICODE /D UNICODE /Gm /EHsc /RTC1 /MDd /GS /fp:precise /Zc:wchar_t /Zc:forScope /openmp /Yu"StdAfx.h" /Fp"Debug\Project4-BucketSortVersion3.pch" /Fo"Debug\\" /Fd"Debug\vc100.pdb" /Gd /TP /analyze- /errorReport:prompt "Project4-BucketSortVersion3.cpp"
         Project4-BucketSortVersion3.cpp
     1>z:\5. cs471 - parallel programming\project\project4 bucket sort\project4-bucketsort\project4-bucketsortversion3\project4-bucketsortversion3.cpp(38): warning C4789: destination of memory copy is too small
       ManifestResourceCompile:
         All outputs are up-to-date.
       Link:
         c:\Program Files (x86)\Microsoft Visual Studio 10.0\VC\bin\link.exe /ERRORREPORT:PROMPT /OUT:"Z:\5. CS471 - Parallel Programming\Project\Project4 Bucket Sort\Project4-BucketSort\Debug\Project4-BucketSortVersion3.exe" /INCREMENTAL /NOLOGO kernel32.lib user32.lib gdi32.lib winspool.lib comdlg32.lib advapi32.lib shell32.lib ole32.lib oleaut32.lib uuid.lib odbc32.lib odbccp32.lib /MANIFEST /ManifestFile:"Debug\Project4-BucketSortVersion3.exe.intermediate.manifest" /MANIFESTUAC:"level='asInvoker' uiAccess='false'" /DEBUG /PDB:"Z:\5. CS471 - Parallel Programming\Project\Project4 Bucket Sort\Project4-BucketSort\Debug\Project4-BucketSortVersion3.pdb" /SUBSYSTEM:CONSOLE /TLBID:1 /DYNAMICBASE /NXCOMPAT /IMPLIB:"Z:\5. CS471 - Parallel Programming\Project\Project4 Bucket Sort\Project4-BucketSort\Debug\Project4-BucketSortVersion3.lib" /MACHINE:X86 "Debug\Project4-BucketSortVersion3.exe.embed.manifest.res"
         "Debug\Project4-BucketSortVersion3.obj"
         Debug\stdafx.obj
       Manifest:
         c:\Program Files (x86)\Microsoft SDKs\Windows\v7.0A\bin\mt.exe /nologo /verbose /out:"Debug\Project4-BucketSortVersion3.exe.embed.manifest" /manifest "Debug\Project4-BucketSortVersion3.exe.intermediate.manifest"
         All outputs are up-to-date.
       LinkEmbedManifest:
         c:\Program Files (x86)\Microsoft Visual Studio 10.0\VC\bin\link.exe /ERRORREPORT:PROMPT /OUT:"Z:\5. CS471 - Parallel Programming\Project\Project4 Bucket Sort\Project4-BucketSort\Debug\Project4-BucketSortVersion3.exe" /INCREMENTAL /NOLOGO kernel32.lib user32.lib gdi32.lib winspool.lib comdlg32.lib advapi32.lib shell32.lib ole32.lib oleaut32.lib uuid.lib odbc32.lib odbccp32.lib /MANIFEST /ManifestFile:"Debug\Project4-BucketSortVersion3.exe.intermediate.manifest" /MANIFESTUAC:"level='asInvoker' uiAccess='false'" /DEBUG /PDB:"Z:\5. CS471 - Parallel Programming\Project\Project4 Bucket Sort\Project4-BucketSort\Debug\Project4-BucketSortVersion3.pdb" /SUBSYSTEM:CONSOLE /TLBID:1 /DYNAMICBASE /NXCOMPAT /IMPLIB:"Z:\5. CS471 - Parallel Programming\Project\Project4 Bucket Sort\Project4-BucketSort\Debug\Project4-BucketSortVersion3.lib" /MACHINE:X86 "Debug\Project4-BucketSortVersion3.exe.embed.manifest.res"
         "Debug\Project4-BucketSortVersion3.obj"
         Debug\stdafx.obj
         Project4-BucketSortVersion3.vcxproj -> Z:\5. CS471 - Parallel Programming\Project\Project4 Bucket Sort\Project4-BucketSort\Debug\Project4-BucketSortVersion3.exe
       FinalizeBuildStatus:
         Deleting file "Debug\Project4-BucketSortVersion3.unsuccessfulbuild".
         Touching "Debug\Project4-BucketSortVersion3.lastbuildstate".
     1>Done Building Project "Z:\5. CS471 - Parallel Programming\Project\Project4 Bucket Sort\Project4-BucketSort\Project4-BucketSortVersion3\Project4-BucketSortVersion3.vcxproj" (build target(s)).

Build succeeded.

Time Elapsed 00:00:04.26
